[debug] [2021-11-14T15:27:04.116Z] ----------------------------------------------------------------------
[debug] [2021-11-14T15:27:04.118Z] Command:       C:\Program Files\nodejs\node.exe C:\Users\RIYAD\AppData\Roaming\npm\node_modules\firebase-tools\lib\bin\firebase.js init
[debug] [2021-11-14T15:27:04.119Z] CLI Version:   9.22.0
[debug] [2021-11-14T15:27:04.119Z] Platform:      win32
[debug] [2021-11-14T15:27:04.119Z] Node Version:  v14.17.5
[debug] [2021-11-14T15:27:04.120Z] Time:          Sun Nov 14 2021 21:27:04 GMT+0600 (Bangladesh Standard Time)
[debug] [2021-11-14T15:27:04.120Z] ----------------------------------------------------------------------
[debug] 
[debug] [2021-11-14T15:27:04.122Z] >>> [apiv2][query] GET https://firebase-public.firebaseio.com/cli.json [none]
[debug] [2021-11-14T15:27:04.141Z] > command requires scopes: ["email","openid","https://www.googleapis.com/auth/cloudplatformprojects.readonly","https://www.googleapis.com/auth/firebase","https://www.googleapis.com/auth/cloud-platform"]
[debug] [2021-11-14T15:27:04.141Z] > authorizing via signed-in user (mdriyadmr968@gmail.com)
[info] 
     ######## #### ########  ######## ########     ###     ######  ########
     ##        ##  ##     ## ##       ##     ##  ##   ##  ##       ##
     ######    ##  ########  ######   ########  #########  ######  ######
     ##        ##  ##    ##  ##       ##     ## ##     ##       ## ##
     ##       #### ##     ## ######## ########  ##     ##  ######  ########

You're about to initialize a Firebase project in this directory:

  C:\Users\RIYAD\Desktop\car-client

[debug] [2021-11-14T15:27:05.168Z] <<< [apiv2][status] GET https://firebase-public.firebaseio.com/cli.json 200
[debug] [2021-11-14T15:27:05.169Z] <<< [apiv2][body] GET https://firebase-public.firebaseio.com/cli.json {"cloudBuildErrorAfter":1594252800000,"cloudBuildWarnAfter":1590019200000,"defaultNode10After":1594252800000,"minVersion":"3.0.5","node8DeploysDisabledAfter":1613390400000,"node8RuntimeDisabledAfter":1615809600000,"node8WarnAfter":1600128000000}
[info] 
=== Project Setup
[info] 
[info] First, let's associate this project directory with a Firebase project.
[info] You can create multiple project aliases by running firebase use --add, 
[info] but for now we'll just set up a default project.
[info] 
